TriedAgainApp/app/build/intermediates/manifest_merge_blame_file/debug/manifest-merger-blame-debug-report.txt
1<?xml version="1.0" encoding="utf-8"?>
2<manifest xmlns:android="http://schemas.android.com/apk/res/android"
3    package="com.example.nicolemorris.lifestyle"
4    android:versionCode="1"
5    android:versionName="1.0" >
6
7    <uses-sdk
8        android:minSdkVersion="15"
8-->src/main/AndroidManifest.xml
9        android:targetSdkVersion="28" />
9-->src/main/AndroidManifest.xml
10
11    <uses-permission android:name="android.permission.ACCESS_COARSE_LOCATION" />
11-->src/main/AndroidManifest.xml:4:5-97
11-->src/main/AndroidManifest.xml:4:22-78
12    <uses-permission android:name="android.permission.ACCESS_FINE_LOCATION" />
12-->src/main/AndroidManifest.xml:5:5-95
12-->src/main/AndroidManifest.xml:5:22-76
13    <uses-permission android:name="android.permission.INTERNET" />
13-->src/main/AndroidManifest.xml:6:5-83
13-->src/main/AndroidManifest.xml:6:22-64
14    <uses-permission android:name="android.permission.READ_EXTERNAL_STORAGE" />
14-->src/main/AndroidManifest.xml:7:5-79
14-->src/main/AndroidManifest.xml:7:22-77
15    <uses-permission android:name="android.permission.WRITE_EXTERNAL_STORAGE" />
15-->src/main/AndroidManifest.xml:8:5-81
15-->src/main/AndroidManifest.xml:8:22-78
16
17    <uses-feature
17-->src/main/AndroidManifest.xml:9:5-10:35
18        android:name="android.hardware.camera"
18-->src/main/AndroidManifest.xml:9:19-57
19        android:required="true" />
19-->src/main/AndroidManifest.xml:10:9-32
20
21    <application
21-->src/main/AndroidManifest.xml:12:5-39:19
22        android:allowBackup="true"
22-->src/main/AndroidManifest.xml:14:9-35
23        android:appComponentFactory="androidx.core.app.CoreComponentFactory"
23-->[androidx.core:core:1.0.0] AndroidManifest.xml:22:18-86
24        android:debuggable="true"
25        android:icon="@mipmap/ic_launcher"
25-->src/main/AndroidManifest.xml:16:9-43
26        android:label="@string/app_name"
26-->src/main/AndroidManifest.xml:17:9-41
27        android:roundIcon="@mipmap/ic_launcher_round"
27-->src/main/AndroidManifest.xml:18:9-54
28        android:supportsRtl="true"
28-->src/main/AndroidManifest.xml:19:9-35
29        android:testOnly="true"
30        android:theme="@style/Theme.AppCompat.Light.NoActionBar"
30-->src/main/AndroidManifest.xml:20:9-65
31        android:usesCleartextTraffic="true" >
31-->src/main/AndroidManifest.xml:13:9-44
32        <activity
32-->src/main/AndroidManifest.xml:21:9-29:20
33            android:name="com.example.nicolemorris.lifestyle.MainActivity"
33-->src/main/AndroidManifest.xml:22:13-41
34            android:windowSoftInputMode="adjustResize" >
34-->src/main/AndroidManifest.xml:23:13-55
35            <intent-filter>
35-->src/main/AndroidManifest.xml:24:13-28:29
36                <action android:name="android.intent.action.MAIN" />
36-->src/main/AndroidManifest.xml:25:17-69
36-->src/main/AndroidManifest.xml:25:25-66
37
38                <category android:name="android.intent.category.LAUNCHER" />
38-->src/main/AndroidManifest.xml:27:17-77
38-->src/main/AndroidManifest.xml:27:27-74
39            </intent-filter>
40        </activity>
41        <activity
41-->src/main/AndroidManifest.xml:30:9-33:67
42            android:name="com.example.nicolemorris.lifestyle.NewUserActivity"
42-->src/main/AndroidManifest.xml:31:13-44
43            android:theme="@style/Theme.AppCompat.Light.NoActionBar"
43-->src/main/AndroidManifest.xml:32:13-69
44            android:windowSoftInputMode="adjustResize" />
44-->src/main/AndroidManifest.xml:33:13-55
45        <activity android:name="com.example.nicolemorris.lifestyle.HomeActivity" />
45-->src/main/AndroidManifest.xml:34:9-59
45-->src/main/AndroidManifest.xml:34:19-47
46
47        <meta-data
47-->src/main/AndroidManifest.xml:36:9-38:57
48            android:name="preloaded_fonts"
48-->src/main/AndroidManifest.xml:37:13-43
49            android:resource="@array/preloaded_fonts" />
49-->src/main/AndroidManifest.xml:38:13-54
50
51        <activity
51-->[com.google.android.gms:play-services-base:15.0.1] AndroidManifest.xml:23:9-26:75
52            android:name="com.google.android.gms.common.api.GoogleApiActivity"
52-->[com.google.android.gms:play-services-base:15.0.1] AndroidManifest.xml:24:13-79
53            android:exported="false"
53-->[com.google.android.gms:play-services-base:15.0.1] AndroidManifest.xml:25:13-37
54            android:theme="@android:style/Theme.Translucent.NoTitleBar" />
54-->[com.google.android.gms:play-services-base:15.0.1] AndroidManifest.xml:26:13-72
55
56        <meta-data
56-->[com.google.android.gms:play-services-basement:15.0.1] AndroidManifest.xml:23:9-25:69
57            android:name="com.google.android.gms.version"
57-->[com.google.android.gms:play-services-basement:15.0.1] AndroidManifest.xml:24:13-58
58            android:value="@integer/google_play_services_version" />
58-->[com.google.android.gms:play-services-basement:15.0.1] AndroidManifest.xml:25:13-66
59
60        <provider
60-->[androidx.lifecycle:lifecycle-process:2.0.0] AndroidManifest.xml:23:9-27:43
61            android:name="androidx.lifecycle.ProcessLifecycleOwnerInitializer"
61-->[androidx.lifecycle:lifecycle-process:2.0.0] AndroidManifest.xml:24:13-79
62            android:authorities="com.example.nicolemorris.lifestyle.lifecycle-process"
62-->[androidx.lifecycle:lifecycle-process:2.0.0] AndroidManifest.xml:25:13-69
63            android:exported="false"
63-->[androidx.lifecycle:lifecycle-process:2.0.0] AndroidManifest.xml:26:13-37
64            android:multiprocess="true" />
64-->[androidx.lifecycle:lifecycle-process:2.0.0] AndroidManifest.xml:27:13-40
65    </application>
66
67</manifest>